<?xml version="1.0" encoding="UTF-8"?>
<!-- Generated by org.testng.reporters.JUnitReportReporter -->
<testsuite hostname="DESKTOP-A4TM5HO" failures="0" tests="2" name="com.pom.TestNG.TestNGDataProvider" time="0.008" errors="0" timestamp="27 Sep 2023 08:50:22 GMT" skipped="0">
  <testcase classname="com.pom.TestNG.TestNGDataProvider" name="myTest" time="0.008"/>
  <testcase classname="com.pom.TestNG.TestNGDataProvider" name="outClass" time="0.000"/>
</testsuite> <!-- com.pom.TestNG.TestNGDataProvider -->
