<?xml version="1.0" encoding="UTF-8"?>
<!-- Generated by org.testng.reporters.JUnitReportReporter -->
<testsuite hostname="DESKTOP-A4TM5HO" failures="0" tests="2" name="com.pom.TestNG.TestNGIgnoringTests" time="0.007" errors="0" timestamp="28 Sep 2023 08:01:57 GMT" skipped="1">
  <testcase classname="com.pom.TestNG.TestNGIgnoringTests" name="testMethod2" time="0.007"/>
  <testcase classname="com.pom.TestNG.TestNGIgnoringTests" name="testMethod1">
    <skipped/>
  </testcase> <!-- testMethod1 -->
</testsuite> <!-- com.pom.TestNG.TestNGIgnoringTests -->
