<?xml version="1.0" encoding="UTF-8"?>
<!-- Generated by org.testng.reporters.JUnitReportReporter -->
<testsuite hostname="DESKTOP-A4TM5HO" failures="0" tests="2" name="com.pom.TestNG.TestNGAnnotation" time="0.007" errors="0" timestamp="27 Sep 2023 08:32:53 GMT" skipped="0">
  <testcase classname="com.pom.TestNG.TestNGAnnotation" name="TestClass1" time="0.005"/>
  <testcase classname="com.pom.TestNG.TestNGAnnotation" name="TestClass2" time="0.002"/>
</testsuite> <!-- com.pom.TestNG.TestNGAnnotation -->
